2024-04-14 10:56:01,044:__main__:Starting ExcelFilePipeline
2024-04-14 10:58:35,903:__main__:Starting ExcelFilePipeline
2024-04-14 10:58:35,903:__main__:Reading Excel file...
2024-04-14 10:58:39,089:__main__:Excel file read successfully
2024-04-14 10:58:39,090:__main__:Cleaning dataframe...
2024-04-14 10:58:39,093:__main__:DataFrame cleaned successfully
2024-04-14 10:59:12,570:__main__:Data uploaded successfully
2024-04-14 11:01:46,923:src.fig_data_challenge.utils:Starting ExcelFilePipeline
2024-04-14 11:02:01,960:src.fig_data_challenge.utils:Starting ExcelFilePipeline
2024-04-14 11:03:26,594:src.fig_data_challenge.utils:ExcelFilePipeline starting.....
2024-04-14 11:03:26,594:src.fig_data_challenge.utils:Reading Excel file...
2024-04-14 11:03:29,847:src.fig_data_challenge.utils:Excel file read successfully
2024-04-14 11:03:29,847:src.fig_data_challenge.utils:Cleaning dataframe...
2024-04-14 11:03:29,850:src.fig_data_challenge.utils:DataFrame cleaned successfully
2024-04-14 11:04:03,686:src.fig_data_challenge.utils:Data uploaded successfully
2024-04-14 11:17:59,278:src.fig_data_challenge.utils:ExcelFilePipeline starting.....
2024-04-14 11:17:59,278:src.fig_data_challenge.utils:Reading Excel file...
2024-04-14 11:18:02,413:src.fig_data_challenge.utils:Excel file read successfully
2024-04-14 11:18:02,414:src.fig_data_challenge.utils:Cleaning dataframe...
2024-04-14 11:18:02,416:src.fig_data_challenge.utils:DataFrame cleaned successfully
2024-04-14 11:18:40,900:src.fig_data_challenge.utils:Data uploaded successfully
